<?xml version="1.0" encoding="UTF-8"?>
<testsuite name="com.shshetudev.unittest.Mockito_mock_final_class_and_methods.MockingFinalMethod" tests="1" skipped="0" failures="0" errors="0" timestamp="2021-07-12T07:30:41" hostname="shetu-H110M-DS2" time="0.838">
  <properties/>
  <testcase name="whenMockFinalMethodMockWorks()" classname="com.shshetudev.unittest.Mockito_mock_final_class_and_methods.MockingFinalMethod" time="0.838"/>
  <system-out><![CDATA[]]></system-out>
  <system-err><![CDATA[]]></system-err>
</testsuite>
